<?xml version="1.0" encoding="UTF-8"?>
<testng-results ignored="0" total="6" passed="6" failed="0" skipped="0">
  <reporter-output>
  </reporter-output>
  <suite started-at="2024-02-28T17:11:23 IST" name="Suite" finished-at="2024-02-28T17:12:54 IST" duration-ms="91819">
    <groups>
    </groups>
    <test started-at="2024-02-28T17:11:23 IST" name="Test-chrome" finished-at="2024-02-28T17:12:54 IST" duration-ms="91819">
      <class name="TestCases.find_used_Cars">
        <test-method is-config="true" signature="driverSetup()[pri:0, instance:TestCases.find_used_Cars@6ae5aa72]" started-at="2024-02-28T17:11:58 IST" name="driverSetup" finished-at="2024-02-28T17:12:12 IST" duration-ms="13782" status="PASS">
          <reporter-output>
          </reporter-output>
        </test-method> <!-- driverSetup -->
        <test-method signature="navigate_used_cars()[pri:4, instance:TestCases.find_used_Cars@6ae5aa72]" started-at="2024-02-28T17:12:12 IST" name="navigate_used_cars" finished-at="2024-02-28T17:12:22 IST" duration-ms="10135" status="PASS">
          <reporter-output>
          </reporter-output>
        </test-method> <!-- navigate_used_cars -->
        <test-method signature="popular_model()[pri:5, instance:TestCases.find_used_Cars@6ae5aa72]" started-at="2024-02-28T17:12:22 IST" name="popular_model" finished-at="2024-02-28T17:12:25 IST" duration-ms="2556" status="PASS">
          <reporter-output>
          </reporter-output>
        </test-method> <!-- popular_model -->
        <test-method is-config="true" signature="teardown()[pri:0, instance:TestCases.find_used_Cars@6ae5aa72]" started-at="2024-02-28T17:12:26 IST" name="teardown" finished-at="2024-02-28T17:12:27 IST" duration-ms="1468" status="PASS">
          <reporter-output>
          </reporter-output>
        </test-method> <!-- teardown -->
      </class> <!-- TestCases.find_used_Cars -->
      <class name="TestCases.navigate_to_upcoming_Bikes">
        <test-method is-config="true" signature="driverSetup()[pri:0, instance:TestCases.navigate_to_upcoming_Bikes@6b81ce95]" started-at="2024-02-28T17:11:23 IST" name="driverSetup" finished-at="2024-02-28T17:11:40 IST" duration-ms="16456" status="PASS">
          <reporter-output>
          </reporter-output>
        </test-method> <!-- driverSetup -->
        <test-method signature="navigate()[pri:1, instance:TestCases.navigate_to_upcoming_Bikes@6b81ce95]" started-at="2024-02-28T17:11:40 IST" name="navigate" finished-at="2024-02-28T17:11:47 IST" duration-ms="7878" status="PASS">
          <reporter-output>
          </reporter-output>
        </test-method> <!-- navigate -->
        <test-method signature="Slect_Honda_Manuf()[pri:2, instance:TestCases.navigate_to_upcoming_Bikes@6b81ce95]" started-at="2024-02-28T17:11:48 IST" name="Slect_Honda_Manuf" finished-at="2024-02-28T17:11:50 IST" duration-ms="1995" status="PASS">
          <reporter-output>
          </reporter-output>
        </test-method> <!-- Slect_Honda_Manuf -->
        <test-method signature="bike_under_4lakh()[pri:3, instance:TestCases.navigate_to_upcoming_Bikes@6b81ce95]" started-at="2024-02-28T17:11:50 IST" name="bike_under_4lakh" finished-at="2024-02-28T17:11:57 IST" duration-ms="6182" status="PASS">
          <reporter-output>
          </reporter-output>
        </test-method> <!-- bike_under_4lakh -->
        <test-method is-config="true" signature="teardown()[pri:0, instance:TestCases.navigate_to_upcoming_Bikes@6b81ce95]" started-at="2024-02-28T17:11:57 IST" name="teardown" finished-at="2024-02-28T17:11:58 IST" duration-ms="1297" status="PASS">
          <reporter-output>
          </reporter-output>
        </test-method> <!-- teardown -->
      </class> <!-- TestCases.navigate_to_upcoming_Bikes -->
      <class name="TestCases.loginerror">
        <test-method is-config="true" signature="driverSetup()[pri:0, instance:TestCases.loginerror@222545dc]" started-at="2024-02-28T17:12:27 IST" name="driverSetup" finished-at="2024-02-28T17:12:40 IST" duration-ms="13072" status="PASS">
          <reporter-output>
          </reporter-output>
        </test-method> <!-- driverSetup -->
        <test-method signature="user_reg()[pri:5, instance:TestCases.loginerror@222545dc]" started-at="2024-02-28T17:12:40 IST" name="user_reg" finished-at="2024-02-28T17:12:53 IST" duration-ms="12843" status="PASS">
          <reporter-output>
          </reporter-output>
        </test-method> <!-- user_reg -->
        <test-method is-config="true" signature="teardown()[pri:0, instance:TestCases.loginerror@222545dc]" started-at="2024-02-28T17:12:53 IST" name="teardown" finished-at="2024-02-28T17:12:54 IST" duration-ms="1331" status="PASS">
          <reporter-output>
          </reporter-output>
        </test-method> <!-- teardown -->
      </class> <!-- TestCases.loginerror -->
    </test> <!-- Test-chrome -->
  </suite> <!-- Suite -->
</testng-results>
